<?xml version="1.0" encoding="UTF-8"?>
<!-- Generated by org.testng.reporters.JUnitReportReporter -->
<testsuite hostname="Raman" failures="0" tests="5" name="com.parabank.qa.testcases.CustomerLoginTest" time="23.602" errors="0" timestamp="2023-01-08T13:56:56 EST" skipped="0">
  <testcase classname="com.parabank.qa.testcases.CustomerLoginTest" name="RegisterLinkTest" time="4.535"/>
  <system-out/>
  <testcase classname="com.parabank.qa.testcases.CustomerLoginTest" name="LoginTest" time="4.647"/>
  <system-out/>
  <testcase classname="com.parabank.qa.testcases.CustomerLoginTest" name="emptyFieldsTextTest" time="5.435"/>
  <system-out/>
  <testcase classname="com.parabank.qa.testcases.CustomerLoginTest" name="ForgotInfoLinkTest" time="4.912"/>
  <system-out/>
  <testcase classname="com.parabank.qa.testcases.CustomerLoginTest" name="validateCLoginPageTitleTest" time="4.073"/>
  <system-out/>
</testsuite> <!-- com.parabank.qa.testcases.CustomerLoginTest -->
