<?xml version="1.0" encoding="UTF-8"?>
<!-- Generated by org.testng.reporters.JUnitReportReporter -->
<testsuite hostname="Raman" failures="0" tests="4" name="com.parabank.qa.testcases.AccountsOverviewTest" time="20.341" errors="0" timestamp="2023-01-08T13:58:06 EST" skipped="0">
  <testcase classname="com.parabank.qa.testcases.AccountsOverviewTest" name="AccountsOverviewTitleTest" time="4.493"/>
  <system-out/>
  <testcase classname="com.parabank.qa.testcases.AccountsOverviewTest" name="validateAccountTabTest" time="5.680"/>
  <system-out/>
  <testcase classname="com.parabank.qa.testcases.AccountsOverviewTest" name="validateBalancetTabTest" time="4.887"/>
  <system-out/>
  <testcase classname="com.parabank.qa.testcases.AccountsOverviewTest" name="validateAvailableAmountTabTest" time="5.281"/>
  <system-out/>
</testsuite> <!-- com.parabank.qa.testcases.AccountsOverviewTest -->
