<?xml version="1.0" encoding="UTF-8"?>
<!-- Generated by org.testng.reporters.JUnitReportReporter -->
<testsuite hostname="Raman" failures="0" tests="2" name="com.parabank.qa.testcases.BillPayTest" time="5.633" errors="0" timestamp="2023-01-08T13:59:01 EST" skipped="1">
  <testcase classname="com.parabank.qa.testcases.BillPayTest" name="BillPayPageTitleTest" time="5.633"/>
  <system-out/>
  <testcase classname="com.parabank.qa.testcases.BillPayTest" name="validateBillPayFormTest" time="0.000">
    <skipped/>
  </testcase> <!-- validateBillPayFormTest -->
  <system-out/>
</testsuite> <!-- com.parabank.qa.testcases.BillPayTest -->
