<?xml version="1.0" encoding="UTF-8"?>
<!-- Generated by org.testng.reporters.JUnitReportReporter -->
<testsuite hostname="Raman" failures="0" tests="4" name="com.parabank.qa.testcases.FindTransactionsTest" time="23.739" errors="0" timestamp="2023-01-06T16:07:23 EST" skipped="0">
  <testcase classname="com.parabank.qa.testcases.FindTransactionsTest" name="FindByAmount" time="5.209"/>
  <system-out/>
  <testcase classname="com.parabank.qa.testcases.FindTransactionsTest" name="FindByDate" time="8.486"/>
  <system-out/>
  <testcase classname="com.parabank.qa.testcases.FindTransactionsTest" name="FindTransactionspageTitleTest" time="5.096"/>
  <system-out/>
  <testcase classname="com.parabank.qa.testcases.FindTransactionsTest" name="FindByDateRange" time="4.948"/>
  <system-out/>
</testsuite> <!-- com.parabank.qa.testcases.FindTransactionsTest -->
