<?xml version="1.0" encoding="UTF-8"?>
<!-- Generated by org.testng.reporters.JUnitReportReporter -->
<testsuite hostname="Raman" failures="0" tests="2" name="com.parabank.qa.testcases.ForgotLoginInfoTest" time="5.176" errors="0" timestamp="2023-01-08T13:57:14 EST" skipped="1">
  <testcase classname="com.parabank.qa.testcases.ForgotLoginInfoTest" name="ForgotLoginInfoPageTitleTest" time="5.176"/>
  <system-out/>
  <testcase classname="com.parabank.qa.testcases.ForgotLoginInfoTest" name="validateFMLIFormTest" time="0.000">
    <skipped/>
  </testcase> <!-- validateFMLIFormTest -->
  <system-out/>
</testsuite> <!-- com.parabank.qa.testcases.ForgotLoginInfoTest -->
