<?xml version="1.0" encoding="UTF-8"?>
<!-- Generated by org.testng.reporters.JUnitReportReporter -->
<testsuite hostname="Raman" failures="0" tests="4" name="com.parabank.qa.testcases.OpenNewaccountTest" time="21.409" errors="0" timestamp="2023-01-08T13:58:42 EST" skipped="0">
  <testcase classname="com.parabank.qa.testcases.OpenNewaccountTest" name="CheckingoptionTest" time="5.988"/>
  <system-out/>
  <testcase classname="com.parabank.qa.testcases.OpenNewaccountTest" name="ONATitleTest" time="4.924"/>
  <system-out/>
  <testcase classname="com.parabank.qa.testcases.OpenNewaccountTest" name="WhattypeofaccountDisplayedTest" time="5.210"/>
  <system-out/>
  <testcase classname="com.parabank.qa.testcases.OpenNewaccountTest" name="OpenAccountTest" time="5.287"/>
  <system-out/>
</testsuite> <!-- com.parabank.qa.testcases.OpenNewaccountTest -->
