<?xml version="1.0" encoding="UTF-8"?>
<!-- Generated by org.testng.reporters.JUnitReportReporter -->
<testsuite hostname="Raman" failures="0" tests="2" name="com.parabank.qa.testcases.RegistrationTest" time="6.776" errors="0" timestamp="2022-12-31T13:29:02 EST" skipped="1">
  <testcase classname="com.parabank.qa.testcases.RegistrationTest" name="RegistrationPageTitleTest" time="6.776"/>
  <system-out/>
  <testcase classname="com.parabank.qa.testcases.RegistrationTest" name="validateRegistrationFormTest" time="0.000">
    <skipped/>
  </testcase> <!-- validateRegistrationFormTest -->
  <system-out/>
</testsuite> <!-- com.parabank.qa.testcases.RegistrationTest -->
