<?xml version="1.0" encoding="UTF-8"?>
<!-- Generated by org.testng.reporters.JUnitReportReporter -->
<testsuite hostname="Raman" failures="0" tests="3" name="com.parabank.qa.testcases.RegistrationTest" time="21.028" errors="0" timestamp="2023-01-08T14:51:36 EST" skipped="1">
  <testcase classname="com.parabank.qa.testcases.RegistrationTest" name="validateFMLIlink" time="7.062"/>
  <system-out/>
  <testcase classname="com.parabank.qa.testcases.RegistrationTest" name="RegistrationPageTitleTest" time="13.966"/>
  <system-out/>
  <testcase classname="com.parabank.qa.testcases.RegistrationTest" name="validateRegistrationFormTest" time="0.000">
    <skipped/>
  </testcase> <!-- validateRegistrationFormTest -->
  <system-out/>
</testsuite> <!-- com.parabank.qa.testcases.RegistrationTest -->
