<?xml version="1.0" encoding="UTF-8"?>
<!-- Generated by org.testng.reporters.JUnitReportReporter -->
<testsuite hostname="Raman" failures="0" tests="1" name="com.parabank.qa.testcases.LogOutTest" time="6.976" errors="0" timestamp="2023-01-06T17:56:41 EST" skipped="0">
  <testcase classname="com.parabank.qa.testcases.LogOutTest" name="validateLogOut" time="6.976"/>
  <system-out/>
</testsuite> <!-- com.parabank.qa.testcases.LogOutTest -->
