<?xml version="1.0" encoding="UTF-8"?>
<!-- Generated by org.testng.reporters.JUnitReportReporter -->
<testsuite hostname="Raman" failures="0" tests="2" name="com.parabank.qa.testcases.RequestLoanTest" time="5.754" errors="0" timestamp="2023-01-08T13:59:29 EST" skipped="1">
  <testcase classname="com.parabank.qa.testcases.RequestLoanTest" name="RequestLoanpageTitleTest" time="5.754"/>
  <system-out/>
  <testcase classname="com.parabank.qa.testcases.RequestLoanTest" name="validateReqLoanForm" time="0.000">
    <skipped/>
  </testcase> <!-- validateReqLoanForm -->
  <system-out/>
</testsuite> <!-- com.parabank.qa.testcases.RequestLoanTest -->
